<?xml version="1.0" encoding="UTF-8"?>
<!-- Generated by org.testng.reporters.JUnitReportReporter -->
<testsuite hostname="DESKTOP-QGMKBOH" failures="0" tests="1" name="jsonmatchusingjsonpath.Readajson" time="0.088" errors="0" timestamp="2025-07-01T19:36:53 IST" skipped="0">
  <testcase classname="jsonmatchusingjsonpath.Readajson" name="readjson" time="0.088"/>
</testsuite> <!-- jsonmatchusingjsonpath.Readajson -->
