<?xml version="1.0" encoding="UTF-8"?>
<!-- Generated by org.testng.reporters.JUnitReportReporter -->
<testsuite hostname="DESKTOP-QGMKBOH" failures="0" tests="1" name="nonbdd.Jsonschemavalidationusingrestassuredlibrary" time="3.932" errors="0" timestamp="2025-06-25T15:58:48 IST" skipped="0">
  <testcase classname="nonbdd.Jsonschemavalidationusingrestassuredlibrary" name="Schemavalidation1" time="3.932"/>
</testsuite> <!-- nonbdd.Jsonschemavalidationusingrestassuredlibrary -->
