<?xml version="1.0" encoding="UTF-8"?>
<!-- Generated by org.testng.reporters.JUnitReportReporter -->
<testsuite hostname="DESKTOP-QGMKBOH" failures="0" tests="1" name="nonbdd.Deletemethodbdd" time="2.635" errors="0" timestamp="2025-06-20T20:15:48 IST" skipped="0">
  <testcase classname="nonbdd.Deletemethodbdd" name="Deleteauser" time="2.635"/>
</testsuite> <!-- nonbdd.Deletemethodbdd -->
