<?xml version="1.0" encoding="UTF-8"?>
<!-- Generated by org.testng.reporters.JUnitReportReporter -->
<testsuite hostname="DESKTOP-QGMKBOH" failures="0" tests="1" name="non.BDD.Postmethodnonbdd" time="4.125" errors="0" timestamp="2025-06-20T19:45:36 IST" skipped="0">
  <testcase classname="non.BDD.Postmethodnonbdd" name="Postuser" time="4.125"/>
</testsuite> <!-- non.BDD.Postmethodnonbdd -->
