<?xml version="1.0" encoding="UTF-8"?>
<!-- Generated by org.testng.reporters.JUnitReportReporter -->
<testsuite hostname="DESKTOP-QGMKBOH" failures="0" tests="1" name="thingstoknow.Networkntjsonschemavalidation" time="0.762" errors="0" timestamp="2025-06-25T16:30:37 IST" skipped="0">
  <testcase classname="thingstoknow.Networkntjsonschemavalidation" name="NetworkNTJSV" time="0.762"/>
</testsuite> <!-- thingstoknow.Networkntjsonschemavalidation -->
