<?xml version="1.0" encoding="UTF-8"?>
<!-- Generated by org.testng.reporters.JUnitReportReporter -->
<testsuite hostname="DESKTOP-QGMKBOH" failures="0" tests="1" name="nonbdd.Putmethodbdd" time="3.331" errors="0" timestamp="2025-06-20T20:12:01 IST" skipped="0">
  <testcase classname="nonbdd.Putmethodbdd" name="updateauser" time="3.331"/>
</testsuite> <!-- nonbdd.Putmethodbdd -->
