<?xml version="1.0" encoding="UTF-8"?>
<!-- Generated by org.testng.reporters.JUnitReportReporter -->
<testsuite hostname="DESKTOP-QGMKBOH" failures="0" tests="1" name="nonbdd.Getmethodbdd" time="2.766" errors="0" timestamp="2025-06-20T19:58:05 IST" skipped="0">
  <testcase classname="nonbdd.Getmethodbdd" name="getuserlist" time="2.766"/>
</testsuite> <!-- nonbdd.Getmethodbdd -->
