<?xml version="1.0" encoding="UTF-8"?>
<!-- Generated by org.testng.reporters.JUnitReportReporter -->
<testsuite hostname="DESKTOP-QGMKBOH" failures="0" tests="1" name="jsonmatchusingjsonpath.FluentAPI" time="0.104" errors="0" timestamp="2025-07-02T12:09:00 IST" skipped="0">
  <testcase classname="jsonmatchusingjsonpath.FluentAPI" name="fluentapiexample" time="0.104"/>
</testsuite> <!-- jsonmatchusingjsonpath.FluentAPI -->
