<?xml version="1.0" encoding="UTF-8"?>
<!-- Generated by org.testng.reporters.JUnitReportReporter -->
<testsuite hostname="DESKTOP-QGMKBOH" failures="0" tests="1" name="jsonmatchusingjsonpath.Inlinepredicate" time="0.111" errors="0" timestamp="2025-07-03T11:59:40 IST" skipped="0">
  <testcase classname="jsonmatchusingjsonpath.Inlinepredicate" name="inlinepredicate" time="0.111"/>
</testsuite> <!-- jsonmatchusingjsonpath.Inlinepredicate -->
