<?xml version="1.0" encoding="UTF-8"?>
<!-- Generated by org.testng.reporters.JUnitReportReporter -->
<testsuite hostname="DESKTOP-QGMKBOH" failures="0" tests="1" name="non.BDD.Getallemployees" time="3.141" errors="0" timestamp="2025-06-19T18:11:03 IST" skipped="0">
  <testcase classname="non.BDD.Getallemployees" name="FirstTest" time="3.141"/>
</testsuite> <!-- non.BDD.Getallemployees -->
