<?xml version="1.0" encoding="UTF-8"?>
<!-- Generated by org.testng.reporters.JUnitReportReporter -->
<testsuite hostname="DESKTOP-QGMKBOH" failures="0" tests="1" name="non.BDD.Putmethodnonbdd" time="3.202" errors="0" timestamp="2025-06-20T19:42:49 IST" skipped="0">
  <testcase classname="non.BDD.Putmethodnonbdd" name="updateuser" time="3.202"/>
</testsuite> <!-- non.BDD.Putmethodnonbdd -->
