<?xml version="1.0" encoding="UTF-8"?>
<!-- Generated by org.testng.reporters.JUnitReportReporter -->
<testsuite hostname="DESKTOP-QGMKBOH" failures="0" tests="1" name="non.BDD.Deletemethodnonbdd" time="3.054" errors="0" timestamp="2025-06-20T19:51:14 IST" skipped="0">
  <testcase classname="non.BDD.Deletemethodnonbdd" name="Deleteauser" time="3.054"/>
</testsuite> <!-- non.BDD.Deletemethodnonbdd -->
