<?xml version="1.0" encoding="UTF-8"?>
<!-- Generated by org.testng.reporters.JUnitReportReporter -->
<testsuite hostname="DESKTOP-QGMKBOH" failures="0" tests="1" name="nonbdd.Postmethodbdd" time="3.170" errors="0" timestamp="2025-06-20T20:05:51 IST" skipped="0">
  <testcase classname="nonbdd.Postmethodbdd" name="createauser" time="3.170"/>
</testsuite> <!-- nonbdd.Postmethodbdd -->
