<?xml version="1.0" encoding="UTF-8"?>
<!-- Generated by org.testng.reporters.JUnitReportReporter -->
<testsuite hostname="DESKTOP-QGMKBOH" failures="0" tests="1" name="thingstoknow.Serialization" time="4.515" errors="0" timestamp="2025-07-02T12:25:37 IST" skipped="0">
  <testcase classname="thingstoknow.Serialization" name="serilization" time="4.515"/>
</testsuite> <!-- thingstoknow.Serialization -->
